\BOOKMARK [0][]{chapter*.1}{Abstract}{}% 1
\BOOKMARK [0][]{chapter.1}{1 Introduction}{}% 2
\BOOKMARK [0][]{chapter.2}{2 Background}{}% 3
\BOOKMARK [1][]{section.2.1}{2.1 Infer}{chapter.2}% 4
\BOOKMARK [1][]{section.2.2}{2.2 LibFuzzer}{chapter.2}% 5
\BOOKMARK [1][]{section.2.3}{2.3 SAVER}{chapter.2}% 6
\BOOKMARK [0][]{chapter.3}{3 Overview}{}% 7
\BOOKMARK [1][]{section.3.1}{3.1 Motivating Example 1}{chapter.3}% 8
\BOOKMARK [1][]{section.3.2}{3.2 Motivating Example 2}{chapter.3}% 9
\BOOKMARK [0][]{chapter.4}{4 Approach}{}% 10
\BOOKMARK [1][]{section.4.1}{4.1 Patch Template}{chapter.4}% 11
\BOOKMARK [1][]{section.4.2}{4.2 Error Detection}{chapter.4}% 12
\BOOKMARK [1][]{section.4.3}{4.3 Dependency Collection}{chapter.4}% 13
\BOOKMARK [1][]{section.4.4}{4.4 Source Instrumentation}{chapter.4}% 14
\BOOKMARK [1][]{section.4.5}{4.5 Patch Generation}{chapter.4}% 15
\BOOKMARK [2][]{subsection.4.5.1}{4.5.1 Component-based Program Synthesis}{section.4.5}% 16
\BOOKMARK [2][]{subsection.4.5.2}{4.5.2 Repair Algorithm}{section.4.5}% 17
\BOOKMARK [2][]{subsection.4.5.3}{4.5.3 Function Fix}{section.4.5}% 18
\BOOKMARK [2][]{subsection.4.5.4}{4.5.4 Temporary Variable}{section.4.5}% 19
\BOOKMARK [0][]{chapter.5}{5 Evaluation}{}% 20
\BOOKMARK [1][]{section.5.1}{5.1 Implementation}{chapter.5}% 21
\BOOKMARK [1][]{section.5.2}{5.2 Benchmark}{chapter.5}% 22
\BOOKMARK [1][]{section.5.3}{5.3 Experimental Results}{chapter.5}% 23
\BOOKMARK [2][]{subsection.5.3.1}{5.3.1 Research Question 1}{section.5.3}% 24
\BOOKMARK [2][]{subsection.5.3.2}{5.3.2 Research Question 2}{section.5.3}% 25
\BOOKMARK [2][]{subsection.5.3.3}{5.3.3 Research Question 3}{section.5.3}% 26
\BOOKMARK [0][]{chapter.6}{6 Conclusion}{}% 27
\BOOKMARK [1][]{section.6.1}{6.1 Limitations}{chapter.6}% 28
\BOOKMARK [1][]{section.6.2}{6.2 Future Work}{chapter.6}% 29
\BOOKMARK [1][]{section.6.3}{6.3 Conclusion}{chapter.6}% 30
\BOOKMARK [0][]{chapter.7}{7 Related Work}{}% 31
