\BOOKMARK [1][-]{section.1}{Introduction}{}% 1
\BOOKMARK [1][-]{section.2}{Background}{}% 2
\BOOKMARK [2][-]{subsection.2.1}{Infer}{section.2}% 3
\BOOKMARK [2][-]{subsection.2.2}{LibFuzzer}{section.2}% 4
\BOOKMARK [1][-]{section.3}{Overview}{}% 5
\BOOKMARK [2][-]{subsection.3.1}{Motivating Example 1}{section.3}% 6
\BOOKMARK [2][-]{subsection.3.2}{Motivating Example 2}{section.3}% 7
\BOOKMARK [1][-]{section.4}{Approach}{}% 8
\BOOKMARK [2][-]{subsection.4.1}{Patch Template}{section.4}% 9
\BOOKMARK [2][-]{subsection.4.2}{Error Detection}{section.4}% 10
\BOOKMARK [2][-]{subsection.4.3}{Dependency Collection}{section.4}% 11
\BOOKMARK [2][-]{subsection.4.4}{Source Instrumentation}{section.4}% 12
\BOOKMARK [2][-]{subsection.4.5}{Patch Generation}{section.4}% 13
\BOOKMARK [3][-]{subsubsection.4.5.1}{Component-based Program Synthesis}{subsection.4.5}% 14
\BOOKMARK [3][-]{subsubsection.4.5.2}{Repair Algorithm}{subsection.4.5}% 15
\BOOKMARK [3][-]{subsubsection.4.5.3}{Function Fix}{subsection.4.5}% 16
\BOOKMARK [3][-]{subsubsection.4.5.4}{Temporary Variable}{subsection.4.5}% 17
\BOOKMARK [1][-]{section.5}{Evaluation}{}% 18
\BOOKMARK [1][-]{section.6}{Limitation}{}% 19
\BOOKMARK [1][-]{section.7}{Future Work}{}% 20
\BOOKMARK [1][-]{section.8}{Related Work}{}% 21
\BOOKMARK [1][-]{section.9}{Conclusion}{}% 22
