\BOOKMARK [0][-]{section*.2}{List of Tables}{}% 1
\BOOKMARK [0][-]{section*.4}{List of Figures}{}% 2
\BOOKMARK [0][-]{chapter.1}{Introduction}{}% 3
\BOOKMARK [1][-]{section.1.1}{Background}{chapter.1}% 4
\BOOKMARK [1][-]{section.1.2}{Problem Identification}{chapter.1}% 5
\BOOKMARK [1][-]{section.1.3}{Research Goal and Objective}{chapter.1}% 6
\BOOKMARK [1][-]{section.1.4}{Thesis Structure}{chapter.1}% 7
\BOOKMARK [0][-]{chapter.2}{Background}{}% 8
\BOOKMARK [1][-]{section.2.1}{Methods of Computing}{chapter.2}% 9
\BOOKMARK [0][-]{chapter.3}{Data}{}% 10
\BOOKMARK [1][-]{section.3.1}{Survey Introduction}{chapter.3}% 11
\BOOKMARK [1][-]{section.3.2}{Question description}{chapter.3}% 12
\BOOKMARK [1][-]{section.3.3}{Scenario description}{chapter.3}% 13
\BOOKMARK [0][-]{chapter.4}{Methodology }{}% 14
\BOOKMARK [1][-]{section.4.1}{Methodology for achieving Objective - 1 }{chapter.4}% 15
\BOOKMARK [1][-]{section.4.2}{Methodology for achieving Objective - 2 }{chapter.4}% 16
\BOOKMARK [2][-]{subsection.4.2.1}{Hypothesis for SEM}{section.4.2}% 17
\BOOKMARK [2][-]{subsection.4.2.2}{Data Processing}{section.4.2}% 18
\BOOKMARK [1][-]{section.4.3}{Methodology for achieving Objective - 3}{chapter.4}% 19
\BOOKMARK [2][-]{subsection.4.3.1}{Selected Rate}{section.4.3}% 20
\BOOKMARK [2][-]{subsection.4.3.2}{Selected Score}{section.4.3}% 21
\BOOKMARK [2][-]{subsection.4.3.3}{Behavior Pattern}{section.4.3}% 22
\BOOKMARK [0][-]{chapter.5}{c5}{}% 23
\BOOKMARK [1][-]{section.5.1}{Methods of Computing}{chapter.5}% 24
\BOOKMARK [0][-]{section.5.1}{References}{}% 25
